<?xml version="1.0" encoding="UTF-8"?>
<!-- Generated by org.testng.reporters.JUnitReportReporter -->
<testsuite hostname="MAYUR" failures="0" tests="10" name="boards.info.trello.testcases.TestCases" time="233.008" errors="0" timestamp="2023-08-27T13:23:32 IST" skipped="0">
  <testcase classname="boards.info.trello.testcases.TestCases" name="trelloBoardPageCheck" time="27.206"/>
  <system-out/>
  <testcase classname="boards.info.trello.testcases.TestCases" name="trelloHomePageCheck" time="3.067"/>
  <system-out/>
  <testcase classname="boards.info.trello.testcases.TestCases" name="trelloLoginPageCheck" time="4.560"/>
  <system-out/>
  <testcase classname="boards.info.trello.testcases.TestCases" name="trelloCreateMultipleListAndSwapInCreatedBoard" time="38.376"/>
  <system-out/>
  <testcase classname="boards.info.trello.testcases.TestCases" name="trelloCreateAndDeleteBoard" time="40.947"/>
  <system-out/>
  <testcase classname="boards.info.trello.testcases.TestCases" name="trelloHomePageCheck" time="4.422"/>
  <system-out/>
  <testcase classname="boards.info.trello.testcases.TestCases" name="trelloCreateAndDeleteBoard" time="40.589"/>
  <system-out/>
  <testcase classname="boards.info.trello.testcases.TestCases" name="trelloBoardPageCheck" time="30.510"/>
  <system-out/>
  <testcase classname="boards.info.trello.testcases.TestCases" name="trelloLoginPageCheck" time="3.961"/>
  <system-out/>
  <testcase classname="boards.info.trello.testcases.TestCases" name="trelloCreateMultipleListAndSwapInCreatedBoard" time="39.370"/>
  <system-out/>
</testsuite> <!-- boards.info.trello.testcases.TestCases -->
