<?xml version="1.0" encoding="UTF-8"?>
<!-- Generated by org.testng.reporters.JUnitReportReporter -->
<testsuite hostname="MAYUR" failures="0" tests="1" name="boards.info.trello.testcases.TrelloTestCases" time="45.619" errors="0" timestamp="2023-08-30T00:50:04 IST" skipped="0">
  <testcase classname="boards.info.trello.testcases.TrelloTestCases" name="trelloHomePageCheck" time="45.619"/>
  <system-out/>
</testsuite> <!-- boards.info.trello.testcases.TrelloTestCases -->
