<?xml version="1.0" encoding="UTF-8"?>
<!-- Generated by org.testng.reporters.JUnitReportReporter -->
<testsuite hostname="MAYUR" failures="0" tests="1" name="boards.info.trello.testcases.MyFirstScript" time="28.422" errors="0" timestamp="2023-08-21T00:17:30 IST" skipped="0">
  <testcase classname="boards.info.trello.testcases.MyFirstScript" name="loginCreateBoardDeleteBoardLogout" time="28.422"/>
  <system-out/>
</testsuite> <!-- boards.info.trello.testcases.MyFirstScript -->
