<?xml version="1.0" encoding="UTF-8"?>
<!-- Generated by org.testng.reporters.JUnitReportReporter -->
<testsuite hostname="MAYUR" failures="0" tests="1" name="boards.info.trello.testcases.TestCases" time="40.696" errors="0" timestamp="2023-08-27T01:14:42 IST" skipped="0">
  <testcase classname="boards.info.trello.testcases.TestCases" name="trelloBoardPageCheck" time="40.696"/>
  <system-out/>
</testsuite> <!-- boards.info.trello.testcases.TestCases -->
